20/Mar/2023:23:22:10 344 [Calculator.java] [INFO] calculator.Calculator - Factorial calculation
20/Mar/2023:23:22:29 701 [Calculator.java] [INFO] calculator.Calculator - Power calculation
20/Mar/2023:23:23:29 660 [Calculator.java] [INFO] calculator.Calculator - SquareRoot calculation
20/Mar/2023:23:23:36 302 [Calculator.java] [INFO] calculator.Calculator - NaturalLog calculation
2023-03-21 09:06:29.624 [main] INFO  calculator.Calculator - [FACTORIAL] - 5
2023-03-21 09:06:29.630 [main] INFO  calculator.Calculator - [RESULT - FACTORIAL] - 120
2023-03-21 09:06:37.082 [main] INFO  calculator.Calculator - [SQ ROOT] - 5.0
2023-03-21 09:06:37.083 [main] INFO  calculator.Calculator - [RESULT - SQ ROOT] - 2.23606797749979
2023-03-21 09:06:48.329 [main] INFO  calculator.Calculator - [POWER - 3.0 RAISED TO] 5.0
2023-03-21 09:06:48.329 [main] INFO  calculator.Calculator - [RESULT - POWER] - 243.0
21/Mar/2023:14:55:51 219 [Calculator.java] [INFO] calculator.Calculator - SquareRoot calculation
21/Mar/2023:14:55:51 226 [Calculator.java] [INFO] calculator.Calculator - SquareRoot calculation
21/Mar/2023:14:55:51 228 [Calculator.java] [INFO] calculator.Calculator - NaturalLog calculation
21/Mar/2023:14:55:51 228 [Calculator.java] [INFO] calculator.Calculator - NaturalLog calculation
21/Mar/2023:14:55:51 229 [Calculator.java] [INFO] calculator.Calculator - NaturalLog calculation
21/Mar/2023:14:55:51 230 [Calculator.java] [INFO] calculator.Calculator - NaturalLog calculation
21/Mar/2023:14:55:51 231 [Calculator.java] [INFO] calculator.Calculator - Factorial calculation
21/Mar/2023:14:55:51 232 [Calculator.java] [INFO] calculator.Calculator - Factorial calculation
21/Mar/2023:14:55:51 233 [Calculator.java] [INFO] calculator.Calculator - Factorial calculation
21/Mar/2023:14:55:51 234 [Calculator.java] [INFO] calculator.Calculator - Factorial calculation
21/Mar/2023:14:55:51 235 [Calculator.java] [INFO] calculator.Calculator - Power calculation
21/Mar/2023:14:55:51 236 [Calculator.java] [INFO] calculator.Calculator - Power calculation
21/Mar/2023:14:55:51 238 [Calculator.java] [INFO] calculator.Calculator - Power calculation
21/Mar/2023:14:55:51 239 [Calculator.java] [INFO] calculator.Calculator - Power calculation
21/Mar/2023:14:55:51 240 [Calculator.java] [INFO] calculator.Calculator - SquareRoot calculation
21/Mar/2023:14:55:51 240 [Calculator.java] [INFO] calculator.Calculator - SquareRoot calculation
21/Mar/2023:20:03:49 404 [Calculator.java] [INFO] calculator.Calculator - Factorial calculation
21/Mar/2023:20:04:04 242 [Calculator.java] [INFO] calculator.Calculator - Factorial calculation
21/Mar/2023:20:04:15 669 [Calculator.java] [INFO] calculator.Calculator - Factorial calculation
21/Mar/2023:20:04:23 151 [Calculator.java] [INFO] calculator.Calculator - Factorial calculation
21/Mar/2023:20:04:32 544 [Calculator.java] [INFO] calculator.Calculator - Factorial calculation
21/Mar/2023:20:04:37 226 [Calculator.java] [INFO] calculator.Calculator - Factorial calculation
21/Mar/2023:20:04:51 177 [Calculator.java] [INFO] calculator.Calculator - SquareRoot calculation
21/Mar/2023:20:05:04 886 [Calculator.java] [INFO] calculator.Calculator - SquareRoot calculation
21/Mar/2023:20:05:19 845 [Calculator.java] [INFO] calculator.Calculator - SquareRoot calculation
21/Mar/2023:20:05:34 384 [Calculator.java] [INFO] calculator.Calculator - Power calculation
21/Mar/2023:20:05:43 071 [Calculator.java] [INFO] calculator.Calculator - Power calculation
21/Mar/2023:20:06:02 901 [Calculator.java] [INFO] calculator.Calculator - NaturalLog calculation
21/Mar/2023:20:06:09 168 [Calculator.java] [INFO] calculator.Calculator - NaturalLog calculation
21/Mar/2023:20:06:16 616 [Calculator.java] [INFO] calculator.Calculator - NaturalLog calculation
